[debug] [2021-09-03T20:51:19.881Z] ----------------------------------------------------------------------
[debug] [2021-09-03T20:51:19.883Z] Command:       /usr/local/bin/node /usr/local/bin/firebase deploy
[debug] [2021-09-03T20:51:19.884Z] CLI Version:   9.17.0
[debug] [2021-09-03T20:51:19.884Z] Platform:      darwin
[debug] [2021-09-03T20:51:19.884Z] Node Version:  v16.8.0
[debug] [2021-09-03T20:51:19.885Z] Time:          Fri Sep 03 2021 23:51:19 GMT+0300 (за східноєвропейським літнім часом)
[debug] [2021-09-03T20:51:19.885Z] ----------------------------------------------------------------------
[debug] 
[debug] [2021-09-03T20:51:19.969Z] > command requires scopes: ["email","openid","https://www.googleapis.com/auth/cloudplatformprojects.readonly","https://www.googleapis.com/auth/firebase","https://www.googleapis.com/auth/cloud-platform"]
[debug] [2021-09-03T20:51:19.970Z] > authorizing via signed-in user (roman.shulyar.dev@gmail.com)
[debug] [2021-09-03T20:51:19.970Z] [iam] checking project homepage-3a1ef for permissions ["firebase.projects.get","firebasehosting.sites.update"]
[debug] [2021-09-03T20:51:19.974Z] >>> HTTP REQUEST POST https://cloudresourcemanager.googleapis.com/v1/projects/homepage-3a1ef:testIamPermissions  
 {"permissions":["firebase.projects.get","firebasehosting.sites.update"]}
[debug] [2021-09-03T20:51:20.004Z] [iam] error while checking permissions, command may fail: FirebaseError: Server Error. getaddrinfo ENOTFOUND cloudresourcemanager.googleapis.com
[debug] [2021-09-03T20:51:20.005Z] > refreshing access token with scopes: []
[debug] [2021-09-03T20:51:20.005Z] >>> HTTP REQUEST POST https://www.googleapis.com/oauth2/v3/token  
 <request body omitted>
[debug] [2021-09-03T20:51:20.012Z] Authentication Error: Your credentials are no longer valid. Please run firebase login --reauth

For CI servers and headless environments, generate a new token with firebase login:ci
[debug] [2021-09-03T20:51:20.020Z] FirebaseError: Authentication Error: Your credentials are no longer valid. Please run firebase login --reauth

For CI servers and headless environments, generate a new token with firebase login:ci
    at invalidCredentialError (/usr/local/lib/node_modules/firebase-tools/lib/auth.js:141:12)
    at refreshTokens (/usr/local/lib/node_modules/firebase-tools/lib/auth.js:448:15)
    at processTicksAndRejections (node:internal/process/task_queues:96:5)
    at async Client.getAccessToken (/usr/local/lib/node_modules/firebase-tools/lib/apiv2.js:144:23)
    at async Client.addAuthHeader (/usr/local/lib/node_modules/firebase-tools/lib/apiv2.js:135:21)
    at async Client.request (/usr/local/lib/node_modules/firebase-tools/lib/apiv2.js:93:34)
    at async Object.getFirebaseProject (/usr/local/lib/node_modules/firebase-tools/lib/management/projects.js:290:21)
    at async Object.getDefaultHostingSite (/usr/local/lib/node_modules/firebase-tools/lib/getDefaultHostingSite.js:8:21)
    at async requireHostingSite (/usr/local/lib/node_modules/firebase-tools/lib/requireHostingSite.js:9:18)
    at async Object.fn (/usr/local/lib/node_modules/firebase-tools/lib/commands/deploy.js:65:9)
    at async /usr/local/lib/node_modules/firebase-tools/lib/command.js:188:17
[error] 
[error] Error: Failed to get Firebase project homepage-3a1ef. Please make sure the project exists and your account has permission to access it.
[debug] [2021-09-03T20:51:33.285Z] ----------------------------------------------------------------------
[debug] [2021-09-03T20:51:33.287Z] Command:       /usr/local/bin/node /usr/local/bin/firebase deploy
[debug] [2021-09-03T20:51:33.288Z] CLI Version:   9.17.0
[debug] [2021-09-03T20:51:33.288Z] Platform:      darwin
[debug] [2021-09-03T20:51:33.288Z] Node Version:  v16.8.0
[debug] [2021-09-03T20:51:33.289Z] Time:          Fri Sep 03 2021 23:51:33 GMT+0300 (за східноєвропейським літнім часом)
[debug] [2021-09-03T20:51:33.289Z] ----------------------------------------------------------------------
[debug] 
[debug] [2021-09-03T20:51:33.354Z] > command requires scopes: ["email","openid","https://www.googleapis.com/auth/cloudplatformprojects.readonly","https://www.googleapis.com/auth/firebase","https://www.googleapis.com/auth/cloud-platform"]
[debug] [2021-09-03T20:51:33.354Z] > authorizing via signed-in user (roman.shulyar.dev@gmail.com)
[debug] [2021-09-03T20:51:33.355Z] [iam] checking project homepage-3a1ef for permissions ["firebase.projects.get","firebasehosting.sites.update"]
[debug] [2021-09-03T20:51:33.357Z] >>> HTTP REQUEST POST https://cloudresourcemanager.googleapis.com/v1/projects/homepage-3a1ef:testIamPermissions  
 {"permissions":["firebase.projects.get","firebasehosting.sites.update"]}
[debug] [2021-09-03T20:51:33.384Z] [iam] error while checking permissions, command may fail: FirebaseError: Server Error. getaddrinfo ENOTFOUND cloudresourcemanager.googleapis.com
[debug] [2021-09-03T20:51:33.386Z] > refreshing access token with scopes: []
[debug] [2021-09-03T20:51:33.386Z] >>> HTTP REQUEST POST https://www.googleapis.com/oauth2/v3/token  
 <request body omitted>
[debug] [2021-09-03T20:51:33.393Z] Authentication Error: Your credentials are no longer valid. Please run firebase login --reauth

For CI servers and headless environments, generate a new token with firebase login:ci
[debug] [2021-09-03T20:51:33.402Z] FirebaseError: Authentication Error: Your credentials are no longer valid. Please run firebase login --reauth

For CI servers and headless environments, generate a new token with firebase login:ci
    at invalidCredentialError (/usr/local/lib/node_modules/firebase-tools/lib/auth.js:141:12)
    at refreshTokens (/usr/local/lib/node_modules/firebase-tools/lib/auth.js:448:15)
    at processTicksAndRejections (node:internal/process/task_queues:96:5)
    at async Client.getAccessToken (/usr/local/lib/node_modules/firebase-tools/lib/apiv2.js:144:23)
    at async Client.addAuthHeader (/usr/local/lib/node_modules/firebase-tools/lib/apiv2.js:135:21)
    at async Client.request (/usr/local/lib/node_modules/firebase-tools/lib/apiv2.js:93:34)
    at async Object.getFirebaseProject (/usr/local/lib/node_modules/firebase-tools/lib/management/projects.js:290:21)
    at async Object.getDefaultHostingSite (/usr/local/lib/node_modules/firebase-tools/lib/getDefaultHostingSite.js:8:21)
    at async requireHostingSite (/usr/local/lib/node_modules/firebase-tools/lib/requireHostingSite.js:9:18)
    at async Object.fn (/usr/local/lib/node_modules/firebase-tools/lib/commands/deploy.js:65:9)
    at async /usr/local/lib/node_modules/firebase-tools/lib/command.js:188:17
[error] 
[error] Error: Failed to get Firebase project homepage-3a1ef. Please make sure the project exists and your account has permission to access it.
